<?xml version="1.0" encoding="UTF-8"?>
<!-- Generated by org.testng.reporters.JUnitXMLReporter -->
<testsuite ignored="0" hostname="umanimita" failures="0" tests="3" name="Test" time="7.203" errors="0" timestamp="2022-06-24T00:45:08 IST">
  <testcase classname="com.automationexercise.specification.TestCasesForApi" name="createAccount" time="5.381"/>
  <testcase classname="com.automationexercise.specification.TestCasesForApi" name="updateAccount" time="0.967"/>
  <testcase classname="com.automationexercise.specification.TestCasesForApi" name="deleteAccount" time="0.371"/>
</testsuite> <!-- Test -->
