<?xml version="1.0" encoding="UTF-8"?>
<testng-results ignored="0" total="3" passed="3" failed="0" skipped="0">
  <reporter-output>
  </reporter-output>
  <suite started-at="2022-06-22T21:13:42 IST" name="Default suite" finished-at="2022-06-22T21:13:49 IST" duration-ms="7662">
    <groups>
    </groups>
    <test started-at="2022-06-22T21:13:42 IST" name="Default test" finished-at="2022-06-22T21:13:49 IST" duration-ms="7662">
      <class name="testcases.TestCasesForApi">
        <test-method signature="createAccount()[pri:0, instance:testcases.TestCasesForApi@1fb2eec]" started-at="2022-06-22T21:13:42 IST" name="createAccount" finished-at="2022-06-22T21:13:47 IST" duration-ms="5826" status="PASS">
          <reporter-output>
          </reporter-output>
        </test-method> <!-- createAccount -->
        <test-method signature="updateAccount()[pri:1, instance:testcases.TestCasesForApi@1fb2eec]" started-at="2022-06-22T21:13:47 IST" name="updateAccount" finished-at="2022-06-22T21:13:48 IST" duration-ms="926" status="PASS">
          <reporter-output>
          </reporter-output>
        </test-method> <!-- updateAccount -->
        <test-method signature="deleteAccount()[pri:2, instance:testcases.TestCasesForApi@1fb2eec]" started-at="2022-06-22T21:13:48 IST" name="deleteAccount" finished-at="2022-06-22T21:13:49 IST" duration-ms="835" status="PASS">
          <reporter-output>
          </reporter-output>
        </test-method> <!-- deleteAccount -->
      </class> <!-- testcases.TestCasesForApi -->
    </test> <!-- Default test -->
  </suite> <!-- Default suite -->
</testng-results>
