<?xml version="1.0" encoding="UTF-8"?>
<testsuite xmlns:xsi="http://www.w3.org/2001/XMLSchema-instance" xsi:noNamespaceSchemaLocation="https://maven.apache.org/surefire/maven-surefire-plugin/xsd/surefire-test-report.xsd" name="TestSuite" time="8.254" tests="3" errors="0" skipped="0" failures="0">
  <properties>
[...]
</properties>
  <testcase name="createAccount" classname="com.automationexercise.specification.TestCasesForApi" time="5.412"/>
  <testcase name="updateAccount" classname="com.automationexercise.specification.TestCasesForApi" time="0.937"/>
  <testcase name="deleteAccount" classname="com.automationexercise.specification.TestCasesForApi" time="0.386"/>
</testsuite>