<?xml version="1.0" encoding="UTF-8"?>
<!-- Generated by org.testng.reporters.JUnitXMLReporter -->
<testsuite ignored="0" hostname="umanimita" failures="0" tests="3" name="Default test" time="7.603" errors="0" timestamp="2022-06-24T00:46:22 IST">
  <testcase classname="com.automationexercise.specification.TestCasesForApi" name="createAccount" time="5.691"/>
  <testcase classname="com.automationexercise.specification.TestCasesForApi" name="updateAccount" time="0.909"/>
  <testcase classname="com.automationexercise.specification.TestCasesForApi" name="deleteAccount" time="0.458"/>
</testsuite> <!-- Default test -->
