<?xml version="1.0" encoding="UTF-8"?>
<!-- Generated by org.testng.reporters.JUnitXMLReporter -->
<testsuite ignored="0" hostname="umanimita" failures="0" tests="3" name="Default test" time="7.662" errors="0" timestamp="2022-06-22T21:13:49 IST">
  <testcase classname="testcases.TestCasesForApi" name="createAccount" time="5.826"/>
  <testcase classname="testcases.TestCasesForApi" name="updateAccount" time="0.926"/>
  <testcase classname="testcases.TestCasesForApi" name="deleteAccount" time="0.835"/>
</testsuite> <!-- Default test -->
